<?xml version="1.0" encoding="UTF-8"?>
<robot generator="Robot 4.1 (Python 3.9.7 on win32)" generated="20210907 20:03:22.552" rpa="false" schemaversion="2">
<suite id="s1" name="testeA" source="C:\teste-kabum\kabum\testeA\testeA.robot">
<test id="s1-t1" name="Validação de Usuário Inválido">
<kw name="Acessar a página home do site da kabum" library="resource">
<kw name="Open Browser" library="SeleniumLibrary">
<arg>url=${URL}</arg>
<arg>browser=${BROWSER}</arg>
<doc>Opens a new browser instance to the optional ``url``.</doc>
<msg timestamp="20210907 20:03:22.982" level="INFO">Opening browser 'chrome' to base url 'https://www.kabum.com.br'.</msg>
<status status="PASS" starttime="20210907 20:03:22.981" endtime="20210907 20:03:36.936"/>
</kw>
<status status="PASS" starttime="20210907 20:03:22.981" endtime="20210907 20:03:36.937"/>
</kw>
<kw name="Clicar em Login" library="resource">
<kw name="Click Element" library="SeleniumLibrary">
<arg>class=sc-iQKALj.chEfdg</arg>
<doc>Click the element identified by ``locator``.</doc>
<msg timestamp="20210907 20:03:36.941" level="INFO">Clicking element 'class=sc-iQKALj.chEfdg'.</msg>
<status status="PASS" starttime="20210907 20:03:36.940" endtime="20210907 20:03:42.474"/>
</kw>
<status status="PASS" starttime="20210907 20:03:36.939" endtime="20210907 20:03:42.474"/>
</kw>
<kw name="Digitar em já tenho cadastro &quot;12345678910&quot;" library="resource" sourcename="Digitar em já tenho cadastro &quot;${DADOS}&quot;">
<kw name="Input Text" library="SeleniumLibrary">
<arg>xpath=//*[@id="formLogin"]/div[1]/div[1]/div/div/div/input</arg>
<arg>${DADOS}</arg>
<doc>Types the given ``text`` into the text field identified by ``locator``.</doc>
<msg timestamp="20210907 20:03:42.481" level="INFO">Typing text '12345678910' into text field 'xpath=//*[@id="formLogin"]/div[1]/div[1]/div/div/div/input'.</msg>
<status status="PASS" starttime="20210907 20:03:42.478" endtime="20210907 20:03:42.809"/>
</kw>
<status status="PASS" starttime="20210907 20:03:42.477" endtime="20210907 20:03:42.810"/>
</kw>
<kw name="Digitar Senha &quot;123456&quot;" library="resource" sourcename="Digitar Senha &quot;${SENHA}&quot;">
<kw name="Input Text" library="SeleniumLibrary">
<arg>xpath=//*[@id="formLogin"]/div[1]/div[2]/div/div/div/input</arg>
<arg>${SENHA}</arg>
<doc>Types the given ``text`` into the text field identified by ``locator``.</doc>
<msg timestamp="20210907 20:03:42.814" level="INFO">Typing text '123456' into text field 'xpath=//*[@id="formLogin"]/div[1]/div[2]/div/div/div/input'.</msg>
<status status="PASS" starttime="20210907 20:03:42.812" endtime="20210907 20:03:43.063"/>
</kw>
<status status="PASS" starttime="20210907 20:03:42.811" endtime="20210907 20:03:43.064"/>
</kw>
<kw name="Clicar em Entrar" library="resource">
<kw name="Click Button" library="SeleniumLibrary">
<arg>id=botaoLogin</arg>
<doc>Clicks the button identified by ``locator``.</doc>
<msg timestamp="20210907 20:03:43.069" level="INFO">Clicking button 'id=botaoLogin'.</msg>
<status status="PASS" starttime="20210907 20:03:43.068" endtime="20210907 20:03:43.265"/>
</kw>
<status status="PASS" starttime="20210907 20:03:43.068" endtime="20210907 20:03:43.265"/>
</kw>
<status status="PASS" starttime="20210907 20:03:22.979" endtime="20210907 20:03:43.267"/>
</test>
<doc>Teste de Usuário Inválido</doc>
<status status="PASS" starttime="20210907 20:03:22.555" endtime="20210907 20:03:43.270"/>
</suite>
<statistics>
<total>
<stat pass="1" fail="0" skip="0">All Tests</stat>
</total>
<tag>
</tag>
<suite>
<stat pass="1" fail="0" skip="0" id="s1" name="testeA">testeA</stat>
</suite>
</statistics>
<errors>
</errors>
</robot>
